[2017-04-11 14:44:37.431] [jointLog] [info] parsing read library format
[2017-04-11 14:44:37.431] [jointLog] [info] There is 1 library.
[2017-04-11 14:44:37.546] [jointLog] [info] Loading Quasi index
[2017-04-11 14:44:37.547] [jointLog] [info] Loading 32-bit quasi index
[2017-04-11 14:44:39.406] [jointLog] [info] done
[2017-04-11 14:44:39.406] [jointLog] [info] Index contained 21577 targets
[2017-04-11 14:44:47.540] [jointLog] [info] Automatically detected most likely library type as IU
[2017-04-11 14:52:34.492] [jointLog] [info] Computed 23840 rich equivalence classes for further processing
[2017-04-11 14:52:34.492] [jointLog] [info] Counted 4153738 total reads in the equivalence classes 
[2017-04-11 14:52:34.500] [jointLog] [warning] Only 4153738 fragments were mapped, but the number of burn-in fragments was set to 5000000.
The effective lengths have been computed using the observed mappings.

[2017-04-11 14:52:34.500] [jointLog] [info] Mapping rate = 12.9981%

[2017-04-11 14:52:34.500] [jointLog] [info] finished quantifyLibrary()
[2017-04-11 14:52:34.545] [jointLog] [info] Starting optimizer
[2017-04-11 14:52:34.493] [fileLog] [info] 
At end of round 0
==================
Observed 31956388 total fragments (31956388 in most recent round)

[2017-04-11 14:52:34.565] [jointLog] [info] Marked 0 weighted equivalence classes as degenerate
[2017-04-11 14:52:34.567] [jointLog] [info] iteration = 0 | max rel diff. = 224.69
[2017-04-11 14:52:34.581] [jointLog] [info] iteration 11, adjusting effective lengths to account for biases
[2017-04-11 14:53:28.415] [jointLog] [info] Computed expected counts (for bias correction)
[2017-04-11 14:53:28.416] [jointLog] [info] processed bias for 0.0% of the transcripts
[2017-04-11 14:53:33.904] [jointLog] [info] processed bias for 10.0% of the transcripts
[2017-04-11 14:53:40.410] [jointLog] [info] processed bias for 20.0% of the transcripts
[2017-04-11 14:53:46.856] [jointLog] [info] processed bias for 30.0% of the transcripts
[2017-04-11 14:53:52.456] [jointLog] [info] processed bias for 40.0% of the transcripts
[2017-04-11 14:53:58.940] [jointLog] [info] processed bias for 50.0% of the transcripts
[2017-04-11 14:54:05.264] [jointLog] [info] processed bias for 60.0% of the transcripts
[2017-04-11 14:54:10.753] [jointLog] [info] processed bias for 70.0% of the transcripts
[2017-04-11 14:54:16.526] [jointLog] [info] processed bias for 80.0% of the transcripts
[2017-04-11 14:54:22.867] [jointLog] [info] processed bias for 90.0% of the transcripts
[2017-04-11 14:54:24.351] [jointLog] [info] processed bias for 100.0% of the transcripts
[2017-04-11 14:54:24.476] [jointLog] [info] iteration = 100 | max rel diff. = 0.150212
[2017-04-11 14:54:24.610] [jointLog] [info] iteration = 200 | max rel diff. = 0.0560832
[2017-04-11 14:54:24.744] [jointLog] [info] iteration = 300 | max rel diff. = 0.0359165
[2017-04-11 14:54:24.877] [jointLog] [info] iteration = 400 | max rel diff. = 0.0326771
[2017-04-11 14:54:25.009] [jointLog] [info] iteration = 500 | max rel diff. = 0.0188616
[2017-04-11 14:54:25.139] [jointLog] [info] iteration = 600 | max rel diff. = 0.0158017
[2017-04-11 14:54:25.270] [jointLog] [info] iteration = 700 | max rel diff. = 0.0142931
[2017-04-11 14:54:25.400] [jointLog] [info] iteration = 800 | max rel diff. = 0.0119007
[2017-04-11 14:54:25.534] [jointLog] [info] iteration = 900 | max rel diff. = 0.0119008
[2017-04-11 14:54:25.645] [jointLog] [info] iteration = 986 | max rel diff. = 0.00884831
[2017-04-11 14:54:25.647] [jointLog] [info] Finished optimizer
[2017-04-11 14:54:25.647] [jointLog] [info] writing output 

