[2017-04-11 14:40:36.521] [jointLog] [info] parsing read library format
[2017-04-11 14:40:36.521] [jointLog] [info] There is 1 library.
[2017-04-11 14:40:36.638] [jointLog] [info] Loading Quasi index
[2017-04-11 14:40:36.639] [jointLog] [info] Loading 32-bit quasi index
[2017-04-11 14:40:38.566] [jointLog] [info] done
[2017-04-11 14:40:38.566] [jointLog] [info] Index contained 22761 targets
[2017-04-11 14:40:44.547] [jointLog] [info] Automatically detected most likely library type as IU
[2017-04-11 14:46:23.341] [jointLog] [info] Computed 26779 rich equivalence classes for further processing
[2017-04-11 14:46:23.341] [jointLog] [info] Counted 8193237 total reads in the equivalence classes 
[2017-04-11 14:46:23.346] [jointLog] [info] Mapping rate = 36.9052%

[2017-04-11 14:46:23.346] [jointLog] [info] finished quantifyLibrary()
[2017-04-11 14:46:23.387] [jointLog] [info] Starting optimizer
[2017-04-11 14:46:23.407] [jointLog] [info] Marked 0 weighted equivalence classes as degenerate
[2017-04-11 14:46:23.409] [jointLog] [info] iteration = 0 | max rel diff. = 364.447
[2017-04-11 14:46:23.425] [jointLog] [info] iteration 11, adjusting effective lengths to account for biases
[2017-04-11 14:46:23.342] [fileLog] [info] 
At end of round 0
==================
Observed 22200750 total fragments (22200750 in most recent round)

[2017-04-11 14:47:21.394] [jointLog] [info] Computed expected counts (for bias correction)
[2017-04-11 14:47:21.394] [jointLog] [info] processed bias for 0.0% of the transcripts
[2017-04-11 14:47:27.213] [jointLog] [info] processed bias for 10.0% of the transcripts
[2017-04-11 14:47:33.224] [jointLog] [info] processed bias for 20.0% of the transcripts
[2017-04-11 14:47:39.046] [jointLog] [info] processed bias for 30.0% of the transcripts
[2017-04-11 14:47:45.340] [jointLog] [info] processed bias for 40.0% of the transcripts
[2017-04-11 14:47:51.765] [jointLog] [info] processed bias for 50.0% of the transcripts
[2017-04-11 14:47:57.866] [jointLog] [info] processed bias for 60.0% of the transcripts
[2017-04-11 14:48:04.069] [jointLog] [info] processed bias for 70.0% of the transcripts
[2017-04-11 14:48:10.337] [jointLog] [info] processed bias for 80.0% of the transcripts
[2017-04-11 14:48:16.541] [jointLog] [info] processed bias for 90.0% of the transcripts
[2017-04-11 14:48:20.850] [jointLog] [info] processed bias for 100.0% of the transcripts
[2017-04-11 14:48:20.988] [jointLog] [info] iteration = 100 | max rel diff. = 0.168325
[2017-04-11 14:48:21.135] [jointLog] [info] iteration = 200 | max rel diff. = 0.0471635
[2017-04-11 14:48:21.280] [jointLog] [info] iteration = 300 | max rel diff. = 0.0368384
[2017-04-11 14:48:21.432] [jointLog] [info] iteration = 400 | max rel diff. = 0.024533
[2017-04-11 14:48:21.579] [jointLog] [info] iteration = 500 | max rel diff. = 0.0192438
[2017-04-11 14:48:21.722] [jointLog] [info] iteration = 600 | max rel diff. = 0.0168331
[2017-04-11 14:48:21.866] [jointLog] [info] iteration = 700 | max rel diff. = 0.0127751
[2017-04-11 14:48:22.010] [jointLog] [info] iteration = 800 | max rel diff. = 0.010805
[2017-04-11 14:48:22.126] [jointLog] [info] iteration = 881 | max rel diff. = 0.00990929
[2017-04-11 14:48:22.127] [jointLog] [info] Finished optimizer
[2017-04-11 14:48:22.127] [jointLog] [info] writing output 

[2017-04-11 14:48:22.214] [jointLog] [warning] NOTE: Read Lib [( /seqdata/krogh/cse/bitao/gene_age_mar_2017/raw_data/sorted/Lhum/Lhum_6/170325_I133_FCHGL5TBBXX_L5_RDWHANTosqDAARRAAPEI-29/170325_I133_FCHGL5TBBXX_L5_RDWHANTosqDAARRAAPEI-29_1.fq.gz, /seqdata/krogh/cse/bitao/gene_age_mar_2017/raw_data/sorted/Lhum/Lhum_6/170325_I133_FCHGL5TBBXX_L5_RDWHANTosqDAARRAAPEI-29/170325_I133_FCHGL5TBBXX_L5_RDWHANTosqDAARRAAPEI-29_2.fq.gz ), ( /seqdata/krogh/cse/bitao/gene_age_mar_2017/raw_data/sorted/Lhum/Lhum_6/170325_I133_FCHGL5TBBXX_L6_RDWHANTosqDAARRAAPEI-29/170325_I133_FCHGL5TBBXX_L6_RDWHANTosqDAARRAAPEI-29_1.fq.gz, /seqdata/krogh/cse/bitao/gene_age_mar_2017/raw_data/sorted/Lhum/Lhum_6/170325_I133_FCHGL5TBBXX_L6_RDWHANTosqDAARRAAPEI-29/170325_I133_FCHGL5TBBXX_L6_RDWHANTosqDAARRAAPEI-29_2.fq.gz )] :

Detected a *potential* strand bias > 1% in an unstranded protocol check the file: quants/Lhum_6/lib_format_counts.json for details

