[2017-10-02 12:19:41.552] [jointLog] [info] parsing read library format
[2017-10-02 12:19:41.552] [jointLog] [info] There is 1 library.
[2017-10-02 12:19:41.687] [jointLog] [info] Loading Quasi index
[2017-10-02 12:19:41.687] [jointLog] [info] Loading 32-bit quasi index
[2017-10-02 12:19:43.880] [jointLog] [info] done
[2017-10-02 12:19:43.880] [jointLog] [info] Index contained 22153 targets
[2017-10-02 12:19:46.643] [jointLog] [info] Automatically detected most likely library type as ISR
[2017-10-02 12:26:05.646] [fileLog] [info] 
At end of round 0
==================
Observed 49762899 total fragments (49762899 in most recent round)

[2017-10-02 12:26:05.645] [jointLog] [info] Computed 14911 rich equivalence classes for further processing
[2017-10-02 12:26:05.645] [jointLog] [info] Counted 15690496 total reads in the equivalence classes 
[2017-10-02 12:26:05.649] [jointLog] [info] Mapping rate = 31.5305%

[2017-10-02 12:26:05.649] [jointLog] [info] finished quantifyLibrary()
[2017-10-02 12:26:05.723] [jointLog] [info] Starting optimizer
[2017-10-02 12:26:05.737] [jointLog] [info] Marked 0 weighted equivalence classes as degenerate
[2017-10-02 12:26:05.738] [jointLog] [info] iteration = 0 | max rel diff. = 562.348
[2017-10-02 12:26:05.744] [jointLog] [info] iteration 11, adjusting effective lengths to account for biases
[2017-10-02 12:26:44.555] [jointLog] [info] Computed expected counts (for bias correction)
[2017-10-02 12:26:44.556] [jointLog] [info] processed bias for 0.0% of the transcripts
[2017-10-02 12:26:51.232] [jointLog] [info] processed bias for 10.0% of the transcripts
[2017-10-02 12:26:57.455] [jointLog] [info] processed bias for 20.0% of the transcripts
[2017-10-02 12:27:03.539] [jointLog] [info] processed bias for 30.0% of the transcripts
[2017-10-02 12:27:08.959] [jointLog] [info] processed bias for 40.0% of the transcripts
[2017-10-02 12:27:15.811] [jointLog] [info] processed bias for 50.0% of the transcripts
[2017-10-02 12:27:22.461] [jointLog] [info] processed bias for 60.0% of the transcripts
[2017-10-02 12:27:24.552] [jointLog] [info] processed bias for 100.0% of the transcripts
[2017-10-02 12:27:24.607] [jointLog] [info] iteration = 100 | max rel diff. = 0.0567995
[2017-10-02 12:27:24.668] [jointLog] [info] iteration = 200 | max rel diff. = 0.0169723
[2017-10-02 12:27:24.728] [jointLog] [info] iteration = 300 | max rel diff. = 0.0164667
[2017-10-02 12:27:24.788] [jointLog] [info] iteration = 400 | max rel diff. = 0.0165622
[2017-10-02 12:27:24.849] [jointLog] [info] iteration = 500 | max rel diff. = 0.0110602
[2017-10-02 12:27:24.909] [jointLog] [info] iteration = 600 | max rel diff. = 0.0110312
[2017-10-02 12:27:24.931] [jointLog] [info] iteration = 637 | max rel diff. = 0.007717
[2017-10-02 12:27:24.933] [jointLog] [info] Finished optimizer
[2017-10-02 12:27:24.933] [jointLog] [info] writing output 

[2017-10-02 12:27:25.023] [jointLog] [warning] NOTE: Read Lib [( /isdata/cse/bitao/gene_age_mar_2017/raw_data/Lnig/Lnig_7/SRR5194946_1.fastq, /isdata/cse/bitao/gene_age_mar_2017/raw_data/Lnig/Lnig_7/SRR5194946_2.fastq ), ( /isdata/cse/bitao/gene_age_mar_2017/raw_data/Lnig/Lnig_7/SRR5194947_1.fastq, /isdata/cse/bitao/gene_age_mar_2017/raw_data/Lnig/Lnig_7/SRR5194947_2.fastq )] :

Greater than 5% of the fragments disagreed with the provided library type; check the file: quants/Lnig_7/lib_format_counts.json for details

