[2017-11-07 18:06:19.143] [jointLog] [info] parsing read library format
[2017-11-07 18:06:19.143] [jointLog] [info] There is 1 library.
[2017-11-07 18:06:19.282] [jointLog] [info] Loading Quasi index
[2017-11-07 18:06:19.283] [jointLog] [info] Loading 32-bit quasi index
[2017-11-07 18:06:22.188] [jointLog] [info] done
[2017-11-07 18:06:22.188] [jointLog] [info] Index contained 22153 targets
[2017-11-07 18:06:23.988] [jointLog] [info] Automatically detected most likely library type as ISR
[2017-11-07 18:13:33.057] [jointLog] [info] Computed 15436 rich equivalence classes for further processing
[2017-11-07 18:13:33.057] [jointLog] [info] Counted 25063888 total reads in the equivalence classes 
[2017-11-07 18:13:33.061] [jointLog] [info] Mapping rate = 43.1936%

[2017-11-07 18:13:33.061] [jointLog] [info] finished quantifyLibrary()
[2017-11-07 18:13:33.065] [jointLog] [info] Starting optimizer
[2017-11-07 18:13:33.083] [jointLog] [info] Marked 0 weighted equivalence classes as degenerate
[2017-11-07 18:13:33.084] [jointLog] [info] iteration = 0 | max rel diff. = 319.397
[2017-11-07 18:13:33.091] [jointLog] [info] iteration 11, adjusting effective lengths to account for biases
[2017-11-07 18:13:33.058] [fileLog] [info] 
At end of round 0
==================
Observed 58026855 total fragments (58026855 in most recent round)

[2017-11-07 18:14:09.281] [jointLog] [info] Computed expected counts (for bias correction)
[2017-11-07 18:14:09.282] [jointLog] [info] processed bias for 0.0% of the transcripts
[2017-11-07 18:14:15.052] [jointLog] [info] processed bias for 10.0% of the transcripts
[2017-11-07 18:14:20.362] [jointLog] [info] processed bias for 20.0% of the transcripts
[2017-11-07 18:14:25.797] [jointLog] [info] processed bias for 30.0% of the transcripts
[2017-11-07 18:14:31.006] [jointLog] [info] processed bias for 40.0% of the transcripts
[2017-11-07 18:14:36.269] [jointLog] [info] processed bias for 50.0% of the transcripts
[2017-11-07 18:14:42.749] [jointLog] [info] processed bias for 60.0% of the transcripts
[2017-11-07 18:14:46.460] [jointLog] [info] processed bias for 100.0% of the transcripts
[2017-11-07 18:14:46.520] [jointLog] [info] iteration = 100 | max rel diff. = 0.0761012
[2017-11-07 18:14:46.587] [jointLog] [info] iteration = 200 | max rel diff. = 0.0257417
[2017-11-07 18:14:46.653] [jointLog] [info] iteration = 300 | max rel diff. = 0.0196052
[2017-11-07 18:14:46.701] [jointLog] [info] iteration = 375 | max rel diff. = 0.00875934
[2017-11-07 18:14:46.702] [jointLog] [info] Finished optimizer
[2017-11-07 18:14:46.702] [jointLog] [info] writing output 

[2017-11-07 18:14:46.770] [jointLog] [warning] NOTE: Read Lib [( /isdata/cse/bitao/gene_age_mar_2017/raw_data/Lnig_2//w2m_br5/SRR3139051_1.fastq, /isdata/cse/bitao/gene_age_mar_2017/raw_data/Lnig_2//w2m_br5/SRR3139051_2.fastq ), ( /isdata/cse/bitao/gene_age_mar_2017/raw_data/Lnig_2//w2m_br5/SRR3141107_1.fastq, /isdata/cse/bitao/gene_age_mar_2017/raw_data/Lnig_2//w2m_br5/SRR3141107_2.fastq ), ( /isdata/cse/bitao/gene_age_mar_2017/raw_data/Lnig_2//w2m_br5/SRR3141499_1.fastq, /isdata/cse/bitao/gene_age_mar_2017/raw_data/Lnig_2//w2m_br5/SRR3141499_2.fastq )] :

Greater than 5% of the fragments disagreed with the provided library type; check the file: quants/w2m_br5/lib_format_counts.json for details

