[2017-04-11 15:50:57.864] [jointLog] [info] parsing read library format
[2017-04-11 15:50:57.864] [jointLog] [info] There is 1 library.
[2017-04-11 15:50:58.244] [jointLog] [info] Loading Quasi index
[2017-04-11 15:50:58.327] [jointLog] [info] Loading 32-bit quasi index
[2017-04-11 15:51:00.606] [jointLog] [info] done
[2017-04-11 15:51:00.606] [jointLog] [info] Index contained 22496 targets
[2017-04-11 15:51:04.131] [jointLog] [info] Automatically detected most likely library type as IU
[2017-04-11 15:59:22.748] [jointLog] [info] Computed 29152 rich equivalence classes for further processing
[2017-04-11 15:59:22.748] [jointLog] [info] Counted 13302630 total reads in the equivalence classes 
[2017-04-11 15:59:22.757] [jointLog] [info] Mapping rate = 36.305%

[2017-04-11 15:59:22.757] [jointLog] [info] finished quantifyLibrary()
[2017-04-11 15:59:22.749] [fileLog] [info] 
At end of round 0
==================
Observed 36641268 total fragments (36641268 in most recent round)

[2017-04-11 15:59:22.957] [jointLog] [info] Starting optimizer
[2017-04-11 15:59:22.980] [jointLog] [info] Marked 0 weighted equivalence classes as degenerate
[2017-04-11 15:59:22.983] [jointLog] [info] iteration = 0 | max rel diff. = 542.761
[2017-04-11 15:59:23.009] [jointLog] [info] iteration 11, adjusting effective lengths to account for biases
[2017-04-11 16:00:26.634] [jointLog] [info] Computed expected counts (for bias correction)
[2017-04-11 16:00:26.634] [jointLog] [info] processed bias for 0.0% of the transcripts
[2017-04-11 16:00:33.574] [jointLog] [info] processed bias for 10.0% of the transcripts
[2017-04-11 16:00:40.139] [jointLog] [info] processed bias for 20.0% of the transcripts
[2017-04-11 16:00:46.623] [jointLog] [info] processed bias for 30.0% of the transcripts
[2017-04-11 16:00:53.175] [jointLog] [info] processed bias for 40.0% of the transcripts
[2017-04-11 16:00:59.683] [jointLog] [info] processed bias for 50.0% of the transcripts
[2017-04-11 16:01:06.702] [jointLog] [info] processed bias for 60.0% of the transcripts
[2017-04-11 16:01:13.662] [jointLog] [info] processed bias for 70.0% of the transcripts
[2017-04-11 16:01:20.753] [jointLog] [info] processed bias for 80.0% of the transcripts
[2017-04-11 16:01:27.501] [jointLog] [info] processed bias for 90.0% of the transcripts
[2017-04-11 16:01:28.937] [jointLog] [info] processed bias for 100.0% of the transcripts
[2017-04-11 16:01:29.178] [jointLog] [info] iteration = 100 | max rel diff. = 0.11092
[2017-04-11 16:01:29.445] [jointLog] [info] iteration = 200 | max rel diff. = 0.056141
[2017-04-11 16:01:29.713] [jointLog] [info] iteration = 300 | max rel diff. = 0.0384729
[2017-04-11 16:01:29.980] [jointLog] [info] iteration = 400 | max rel diff. = 0.0265872
[2017-04-11 16:01:30.250] [jointLog] [info] iteration = 500 | max rel diff. = 0.0215971
[2017-04-11 16:01:30.527] [jointLog] [info] iteration = 600 | max rel diff. = 0.0177226
[2017-04-11 16:01:30.796] [jointLog] [info] iteration = 700 | max rel diff. = 0.0160788
[2017-04-11 16:01:31.070] [jointLog] [info] iteration = 800 | max rel diff. = 0.0133706
[2017-04-11 16:01:31.324] [jointLog] [info] iteration = 900 | max rel diff. = 0.0125796
[2017-04-11 16:01:31.586] [jointLog] [info] iteration = 1000 | max rel diff. = 0.0105499
[2017-04-11 16:01:31.802] [jointLog] [info] iteration = 1085 | max rel diff. = 0.00989513
[2017-04-11 16:01:31.803] [jointLog] [info] Finished optimizer
[2017-04-11 16:01:31.803] [jointLog] [info] writing output 

