[2017-04-11 17:02:56.733] [jointLog] [info] parsing read library format
[2017-04-11 17:02:56.733] [jointLog] [info] There is 1 library.
[2017-04-11 17:02:56.832] [jointLog] [info] Loading Quasi index
[2017-04-11 17:02:56.832] [jointLog] [info] Loading 32-bit quasi index
[2017-04-11 17:02:58.839] [jointLog] [info] done
[2017-04-11 17:02:58.839] [jointLog] [info] Index contained 25238 targets
[2017-04-11 17:03:01.968] [jointLog] [info] Automatically detected most likely library type as IU
[2017-04-11 17:08:56.423] [fileLog] [info] 
At end of round 0
==================
Observed 47433853 total fragments (47433853 in most recent round)

[2017-04-11 17:08:56.422] [jointLog] [info] Computed 27638 rich equivalence classes for further processing
[2017-04-11 17:08:56.422] [jointLog] [info] Counted 21802821 total reads in the equivalence classes 
[2017-04-11 17:08:56.427] [jointLog] [info] Mapping rate = 45.9647%

[2017-04-11 17:08:56.427] [jointLog] [info] finished quantifyLibrary()
[2017-04-11 17:08:56.505] [jointLog] [info] Starting optimizer
[2017-04-11 17:08:56.525] [jointLog] [info] Marked 0 weighted equivalence classes as degenerate
[2017-04-11 17:08:56.526] [jointLog] [info] iteration = 0 | max rel diff. = 423.692
[2017-04-11 17:08:56.540] [jointLog] [info] iteration 11, adjusting effective lengths to account for biases
[2017-04-11 17:10:03.921] [jointLog] [info] Computed expected counts (for bias correction)
[2017-04-11 17:10:03.922] [jointLog] [info] processed bias for 0.0% of the transcripts
[2017-04-11 17:10:12.220] [jointLog] [info] processed bias for 10.0% of the transcripts
[2017-04-11 17:10:20.178] [jointLog] [info] processed bias for 20.0% of the transcripts
[2017-04-11 17:10:27.411] [jointLog] [info] processed bias for 30.0% of the transcripts
[2017-04-11 17:10:34.569] [jointLog] [info] processed bias for 40.0% of the transcripts
[2017-04-11 17:10:42.402] [jointLog] [info] processed bias for 50.0% of the transcripts
[2017-04-11 17:10:50.199] [jointLog] [info] processed bias for 60.0% of the transcripts
[2017-04-11 17:10:58.013] [jointLog] [info] processed bias for 70.0% of the transcripts
[2017-04-11 17:11:05.038] [jointLog] [info] processed bias for 80.0% of the transcripts
[2017-04-11 17:11:09.465] [jointLog] [info] processed bias for 100.0% of the transcripts
[2017-04-11 17:11:09.584] [jointLog] [info] iteration = 100 | max rel diff. = 0.111817
[2017-04-11 17:11:09.713] [jointLog] [info] iteration = 200 | max rel diff. = 0.0541326
[2017-04-11 17:11:09.841] [jointLog] [info] iteration = 300 | max rel diff. = 0.0367993
[2017-04-11 17:11:09.969] [jointLog] [info] iteration = 400 | max rel diff. = 0.0260521
[2017-04-11 17:11:10.097] [jointLog] [info] iteration = 500 | max rel diff. = 0.019842
[2017-04-11 17:11:10.225] [jointLog] [info] iteration = 600 | max rel diff. = 0.018417
[2017-04-11 17:11:10.353] [jointLog] [info] iteration = 700 | max rel diff. = 0.0157255
[2017-04-11 17:11:10.481] [jointLog] [info] iteration = 800 | max rel diff. = 0.0146005
[2017-04-11 17:11:10.609] [jointLog] [info] iteration = 900 | max rel diff. = 0.0117568
[2017-04-11 17:11:10.737] [jointLog] [info] iteration = 1000 | max rel diff. = 0.0101042
[2017-04-11 17:11:10.865] [jointLog] [info] iteration = 1100 | max rel diff. = 0.0101042
[2017-04-11 17:11:10.921] [jointLog] [info] iteration = 1145 | max rel diff. = 0.00965724
[2017-04-11 17:11:10.922] [jointLog] [info] Finished optimizer
[2017-04-11 17:11:10.922] [jointLog] [info] writing output 

