[2017-04-11 16:22:36.948] [jointLog] [info] parsing read library format
[2017-04-11 16:22:36.948] [jointLog] [info] There is 1 library.
[2017-04-11 16:22:37.095] [jointLog] [info] Loading Quasi index
[2017-04-11 16:22:37.096] [jointLog] [info] Loading 32-bit quasi index
[2017-04-11 16:22:38.899] [jointLog] [info] done
[2017-04-11 16:22:38.899] [jointLog] [info] Index contained 22496 targets
[2017-04-11 16:22:40.478] [jointLog] [info] Automatically detected most likely library type as IU
[2017-04-11 16:31:04.509] [jointLog] [info] Computed 28739 rich equivalence classes for further processing
[2017-04-11 16:31:04.510] [fileLog] [info] 
At end of round 0
==================
Observed 50049154 total fragments (50049154 in most recent round)

[2017-04-11 16:31:04.509] [jointLog] [info] Counted 20751260 total reads in the equivalence classes 
[2017-04-11 16:31:04.518] [jointLog] [info] Mapping rate = 41.4618%

[2017-04-11 16:31:04.518] [jointLog] [info] finished quantifyLibrary()
[2017-04-11 16:31:04.605] [jointLog] [info] Starting optimizer
[2017-04-11 16:31:04.624] [jointLog] [info] Marked 0 weighted equivalence classes as degenerate
[2017-04-11 16:31:04.626] [jointLog] [info] iteration = 0 | max rel diff. = 541.261
[2017-04-11 16:31:04.649] [jointLog] [info] iteration 11, adjusting effective lengths to account for biases
[2017-04-11 16:32:09.628] [jointLog] [info] Computed expected counts (for bias correction)
[2017-04-11 16:32:09.628] [jointLog] [info] processed bias for 0.0% of the transcripts
[2017-04-11 16:32:16.999] [jointLog] [info] processed bias for 10.0% of the transcripts
[2017-04-11 16:32:24.026] [jointLog] [info] processed bias for 20.0% of the transcripts
[2017-04-11 16:32:30.478] [jointLog] [info] processed bias for 30.0% of the transcripts
[2017-04-11 16:32:37.217] [jointLog] [info] processed bias for 40.0% of the transcripts
[2017-04-11 16:32:43.848] [jointLog] [info] processed bias for 50.0% of the transcripts
[2017-04-11 16:32:51.018] [jointLog] [info] processed bias for 60.0% of the transcripts
[2017-04-11 16:32:57.937] [jointLog] [info] processed bias for 70.0% of the transcripts
[2017-04-11 16:33:04.965] [jointLog] [info] processed bias for 80.0% of the transcripts
[2017-04-11 16:33:12.785] [jointLog] [info] processed bias for 90.0% of the transcripts
[2017-04-11 16:33:13.251] [jointLog] [info] processed bias for 100.0% of the transcripts
[2017-04-11 16:33:13.467] [jointLog] [info] iteration = 100 | max rel diff. = 0.117585
[2017-04-11 16:33:13.702] [jointLog] [info] iteration = 200 | max rel diff. = 0.0563708
[2017-04-11 16:33:13.935] [jointLog] [info] iteration = 300 | max rel diff. = 0.0385556
[2017-04-11 16:33:14.170] [jointLog] [info] iteration = 400 | max rel diff. = 0.0281214
[2017-04-11 16:33:14.403] [jointLog] [info] iteration = 500 | max rel diff. = 0.0220395
[2017-04-11 16:33:14.638] [jointLog] [info] iteration = 600 | max rel diff. = 0.0181146
[2017-04-11 16:33:14.873] [jointLog] [info] iteration = 700 | max rel diff. = 0.016314
[2017-04-11 16:33:15.109] [jointLog] [info] iteration = 800 | max rel diff. = 0.0151093
[2017-04-11 16:33:15.345] [jointLog] [info] iteration = 900 | max rel diff. = 0.011726
[2017-04-11 16:33:15.583] [jointLog] [info] iteration = 1000 | max rel diff. = 0.0114667
[2017-04-11 16:33:15.820] [jointLog] [info] iteration = 1100 | max rel diff. = 0.0107781
[2017-04-11 16:33:15.950] [jointLog] [info] iteration = 1156 | max rel diff. = 0.00830536
[2017-04-11 16:33:15.952] [jointLog] [info] Finished optimizer
[2017-04-11 16:33:15.952] [jointLog] [info] writing output 

