[2017-04-11 15:13:53.702] [jointLog] [info] parsing read library format
[2017-04-11 15:13:53.702] [jointLog] [info] There is 1 library.
[2017-04-11 15:13:53.868] [jointLog] [info] Loading Quasi index
[2017-04-11 15:13:53.894] [jointLog] [info] Loading 32-bit quasi index
[2017-04-11 15:13:55.704] [jointLog] [info] done
[2017-04-11 15:13:55.704] [jointLog] [info] Index contained 21577 targets
[2017-04-11 15:14:04.277] [jointLog] [info] Automatically detected most likely library type as IU
[2017-04-11 15:19:15.212] [jointLog] [info] Computed 22164 rich equivalence classes for further processing
[2017-04-11 15:19:15.212] [jointLog] [info] Counted 2539223 total reads in the equivalence classes 
[2017-04-11 15:19:15.220] [jointLog] [warning] Only 2539223 fragments were mapped, but the number of burn-in fragments was set to 5000000.
The effective lengths have been computed using the observed mappings.

[2017-04-11 15:19:15.220] [jointLog] [info] Mapping rate = 11.274%

[2017-04-11 15:19:15.220] [jointLog] [info] finished quantifyLibrary()
[2017-04-11 15:19:15.301] [jointLog] [info] Starting optimizer
[2017-04-11 15:19:15.328] [jointLog] [info] Marked 0 weighted equivalence classes as degenerate
[2017-04-11 15:19:15.329] [jointLog] [info] iteration = 0 | max rel diff. = 146.276
[2017-04-11 15:19:15.343] [jointLog] [info] iteration 11, adjusting effective lengths to account for biases
[2017-04-11 15:19:15.213] [fileLog] [info] 
At end of round 0
==================
Observed 22522791 total fragments (22522791 in most recent round)

[2017-04-11 15:20:03.954] [jointLog] [info] Computed expected counts (for bias correction)
[2017-04-11 15:20:03.955] [jointLog] [info] processed bias for 0.0% of the transcripts
[2017-04-11 15:20:09.376] [jointLog] [info] processed bias for 10.0% of the transcripts
[2017-04-11 15:20:15.507] [jointLog] [info] processed bias for 20.0% of the transcripts
[2017-04-11 15:20:21.352] [jointLog] [info] processed bias for 30.0% of the transcripts
[2017-04-11 15:20:26.605] [jointLog] [info] processed bias for 40.0% of the transcripts
[2017-04-11 15:20:32.729] [jointLog] [info] processed bias for 50.0% of the transcripts
[2017-04-11 15:20:38.358] [jointLog] [info] processed bias for 60.0% of the transcripts
[2017-04-11 15:20:43.551] [jointLog] [info] processed bias for 70.0% of the transcripts
[2017-04-11 15:20:49.253] [jointLog] [info] processed bias for 80.0% of the transcripts
[2017-04-11 15:20:53.908] [jointLog] [info] processed bias for 100.0% of the transcripts
[2017-04-11 15:20:54.029] [jointLog] [info] iteration = 100 | max rel diff. = 0.101344
[2017-04-11 15:20:54.159] [jointLog] [info] iteration = 200 | max rel diff. = 0.0523441
[2017-04-11 15:20:54.289] [jointLog] [info] iteration = 300 | max rel diff. = 0.0331999
[2017-04-11 15:20:54.418] [jointLog] [info] iteration = 400 | max rel diff. = 0.031974
[2017-04-11 15:20:54.547] [jointLog] [info] iteration = 500 | max rel diff. = 0.0188078
[2017-04-11 15:20:54.677] [jointLog] [info] iteration = 600 | max rel diff. = 0.0149582
[2017-04-11 15:20:54.807] [jointLog] [info] iteration = 700 | max rel diff. = 0.0144229
[2017-04-11 15:20:54.937] [jointLog] [info] iteration = 800 | max rel diff. = 0.013272
[2017-04-11 15:20:55.064] [jointLog] [info] iteration = 900 | max rel diff. = 0.00969342
[2017-04-11 15:20:55.066] [jointLog] [info] Finished optimizer
[2017-04-11 15:20:55.066] [jointLog] [info] writing output 

