[2017-10-18 14:41:17.717] [jointLog] [info] parsing read library format
[2017-10-18 14:41:17.717] [jointLog] [info] There is 1 library.
[2017-10-18 14:41:17.814] [jointLog] [info] Loading Quasi index
[2017-10-18 14:41:17.815] [jointLog] [info] Loading 32-bit quasi index
[2017-10-18 14:41:19.395] [jointLog] [info] done
[2017-10-18 14:41:19.395] [jointLog] [info] Index contained 15516 targets
[2017-10-18 14:41:22.122] [jointLog] [info] Automatically detected most likely library type as ISR
[2017-10-18 14:43:04.036] [jointLog] [info] Computed 20189 rich equivalence classes for further processing
[2017-10-18 14:43:04.036] [jointLog] [info] Counted 10589487 total reads in the equivalence classes 
[2017-10-18 14:43:04.059] [jointLog] [info] Mapping rate = 60.9909%

[2017-10-18 14:43:04.059] [jointLog] [info] finished quantifyLibrary()
[2017-10-18 14:43:04.063] [jointLog] [info] Starting optimizer
[2017-10-18 14:43:04.078] [jointLog] [info] Marked 0 weighted equivalence classes as degenerate
[2017-10-18 14:43:04.079] [jointLog] [info] iteration = 0 | max rel diff. = 652.015
[2017-10-18 14:43:04.090] [jointLog] [info] iteration 11, adjusting effective lengths to account for biases
[2017-10-18 14:43:04.037] [fileLog] [info] 
At end of round 0
==================
Observed 17362392 total fragments (17362392 in most recent round)

[2017-10-18 14:44:20.281] [jointLog] [info] Computed expected counts (for bias correction)
[2017-10-18 14:44:20.282] [jointLog] [info] processed bias for 0.0% of the transcripts
[2017-10-18 14:44:28.372] [jointLog] [info] processed bias for 10.0% of the transcripts
[2017-10-18 14:44:36.694] [jointLog] [info] processed bias for 20.0% of the transcripts
[2017-10-18 14:44:44.598] [jointLog] [info] processed bias for 30.0% of the transcripts
[2017-10-18 14:44:52.155] [jointLog] [info] processed bias for 40.0% of the transcripts
[2017-10-18 14:44:59.907] [jointLog] [info] processed bias for 50.0% of the transcripts
[2017-10-18 14:45:07.997] [jointLog] [info] processed bias for 60.0% of the transcripts
[2017-10-18 14:45:16.040] [jointLog] [info] processed bias for 70.0% of the transcripts
[2017-10-18 14:45:24.634] [jointLog] [info] processed bias for 80.0% of the transcripts
[2017-10-18 14:45:33.796] [jointLog] [info] processed bias for 90.0% of the transcripts
[2017-10-18 14:45:38.645] [jointLog] [info] processed bias for 100.0% of the transcripts
[2017-10-18 14:45:38.734] [jointLog] [info] iteration = 100 | max rel diff. = 0.109202
[2017-10-18 14:45:38.833] [jointLog] [info] iteration = 200 | max rel diff. = 0.0680576
[2017-10-18 14:45:38.930] [jointLog] [info] iteration = 300 | max rel diff. = 0.0428628
[2017-10-18 14:45:39.027] [jointLog] [info] iteration = 400 | max rel diff. = 0.027578
[2017-10-18 14:45:39.123] [jointLog] [info] iteration = 500 | max rel diff. = 0.0252269
[2017-10-18 14:45:39.219] [jointLog] [info] iteration = 600 | max rel diff. = 0.020743
[2017-10-18 14:45:39.315] [jointLog] [info] iteration = 700 | max rel diff. = 0.0156703
[2017-10-18 14:45:39.411] [jointLog] [info] iteration = 800 | max rel diff. = 0.0138293
[2017-10-18 14:45:39.507] [jointLog] [info] iteration = 900 | max rel diff. = 0.0115893
[2017-10-18 14:45:39.603] [jointLog] [info] iteration = 1000 | max rel diff. = 0.011591
[2017-10-18 14:45:39.653] [jointLog] [info] iteration = 1053 | max rel diff. = 0.00923501
[2017-10-18 14:45:39.655] [jointLog] [info] Finished optimizer
[2017-10-18 14:45:39.655] [jointLog] [info] writing output 

[2017-10-18 14:45:39.726] [jointLog] [warning] NOTE: Read Lib [( /isdata/cse/bitao/Download/P_can/Pcan72b/SRR1519117_1.fastq, /isdata/cse/bitao/Download/P_can/Pcan72b/SRR1519117_2.fastq )] :

Greater than 5% of the fragments disagreed with the provided library type; check the file: quants/Pcan72b/lib_format_counts.json for details

