[2017-04-11 17:32:58.815] [jointLog] [info] parsing read library format
[2017-04-11 17:32:58.815] [jointLog] [info] There is 1 library.
[2017-04-11 17:32:58.915] [jointLog] [info] Loading Quasi index
[2017-04-11 17:32:58.916] [jointLog] [info] Loading 32-bit quasi index
[2017-04-11 17:33:00.922] [jointLog] [info] done
[2017-04-11 17:33:00.922] [jointLog] [info] Index contained 25238 targets
[2017-04-11 17:33:02.379] [jointLog] [info] Automatically detected most likely library type as IU
[2017-04-11 17:36:18.906] [jointLog] [info] Computed 25539 rich equivalence classes for further processing
[2017-04-11 17:36:18.906] [jointLog] [info] Counted 13202552 total reads in the equivalence classes 
[2017-04-11 17:36:18.911] [jointLog] [info] Mapping rate = 45.0256%

[2017-04-11 17:36:18.911] [jointLog] [info] finished quantifyLibrary()
[2017-04-11 17:36:18.962] [jointLog] [info] Starting optimizer
[2017-04-11 17:36:18.981] [jointLog] [info] Marked 0 weighted equivalence classes as degenerate
[2017-04-11 17:36:18.983] [jointLog] [info] iteration = 0 | max rel diff. = 453.507
[2017-04-11 17:36:18.997] [jointLog] [info] iteration 11, adjusting effective lengths to account for biases
[2017-04-11 17:36:18.907] [fileLog] [info] 
At end of round 0
==================
Observed 29322346 total fragments (29322346 in most recent round)

[2017-04-11 17:37:33.513] [jointLog] [info] Computed expected counts (for bias correction)
[2017-04-11 17:37:33.514] [jointLog] [info] processed bias for 0.0% of the transcripts
[2017-04-11 17:37:42.307] [jointLog] [info] processed bias for 10.0% of the transcripts
[2017-04-11 17:37:51.393] [jointLog] [info] processed bias for 20.0% of the transcripts
[2017-04-11 17:38:00.281] [jointLog] [info] processed bias for 30.0% of the transcripts
[2017-04-11 17:38:08.938] [jointLog] [info] processed bias for 40.0% of the transcripts
[2017-04-11 17:38:18.371] [jointLog] [info] processed bias for 50.0% of the transcripts
[2017-04-11 17:38:24.933] [jointLog] [info] processed bias for 60.0% of the transcripts
[2017-04-11 17:38:31.716] [jointLog] [info] processed bias for 70.0% of the transcripts
[2017-04-11 17:38:40.283] [jointLog] [info] processed bias for 80.0% of the transcripts
[2017-04-11 17:38:46.185] [jointLog] [info] processed bias for 100.0% of the transcripts
[2017-04-11 17:38:46.307] [jointLog] [info] iteration = 100 | max rel diff. = 0.114145
[2017-04-11 17:38:46.440] [jointLog] [info] iteration = 200 | max rel diff. = 0.0543127
[2017-04-11 17:38:46.573] [jointLog] [info] iteration = 300 | max rel diff. = 0.0378986
[2017-04-11 17:38:46.705] [jointLog] [info] iteration = 400 | max rel diff. = 0.0284352
[2017-04-11 17:38:46.837] [jointLog] [info] iteration = 500 | max rel diff. = 0.0208653
[2017-04-11 17:38:46.968] [jointLog] [info] iteration = 600 | max rel diff. = 0.0167716
[2017-04-11 17:38:47.100] [jointLog] [info] iteration = 700 | max rel diff. = 0.016097
[2017-04-11 17:38:47.232] [jointLog] [info] iteration = 800 | max rel diff. = 0.013317
[2017-04-11 17:38:47.363] [jointLog] [info] iteration = 900 | max rel diff. = 0.0133169
[2017-04-11 17:38:47.495] [jointLog] [info] iteration = 1000 | max rel diff. = 0.0110087
[2017-04-11 17:38:47.626] [jointLog] [info] iteration = 1100 | max rel diff. = 0.0110088
[2017-04-11 17:38:47.646] [jointLog] [info] iteration = 1116 | max rel diff. = 0.00869855
[2017-04-11 17:38:47.648] [jointLog] [info] Finished optimizer
[2017-04-11 17:38:47.648] [jointLog] [info] writing output 

