[2017-04-11 14:54:35.737] [jointLog] [info] parsing read library format
[2017-04-11 14:54:35.737] [jointLog] [info] There is 1 library.
[2017-04-11 14:54:35.845] [jointLog] [info] Loading Quasi index
[2017-04-11 14:54:35.846] [jointLog] [info] Loading 32-bit quasi index
[2017-04-11 14:54:37.669] [jointLog] [info] done
[2017-04-11 14:54:37.669] [jointLog] [info] Index contained 21577 targets
[2017-04-11 14:54:41.630] [jointLog] [info] Automatically detected most likely library type as IU
[2017-04-11 15:04:00.891] [fileLog] [info] 
At end of round 0
==================
Observed 41024790 total fragments (41024790 in most recent round)

[2017-04-11 15:04:00.890] [jointLog] [info] Computed 25688 rich equivalence classes for further processing
[2017-04-11 15:04:00.890] [jointLog] [info] Counted 9616989 total reads in the equivalence classes 
[2017-04-11 15:04:00.896] [jointLog] [info] Mapping rate = 23.4419%

[2017-04-11 15:04:00.896] [jointLog] [info] finished quantifyLibrary()
[2017-04-11 15:04:01.027] [jointLog] [info] Starting optimizer
[2017-04-11 15:04:01.227] [jointLog] [info] Marked 0 weighted equivalence classes as degenerate
[2017-04-11 15:04:01.230] [jointLog] [info] iteration = 0 | max rel diff. = 414.933
[2017-04-11 15:04:01.248] [jointLog] [info] iteration 11, adjusting effective lengths to account for biases
[2017-04-11 15:04:40.881] [jointLog] [info] Computed expected counts (for bias correction)
[2017-04-11 15:04:40.882] [jointLog] [info] processed bias for 0.0% of the transcripts
[2017-04-11 15:04:45.079] [jointLog] [info] processed bias for 10.0% of the transcripts
[2017-04-11 15:04:49.729] [jointLog] [info] processed bias for 20.0% of the transcripts
[2017-04-11 15:04:54.130] [jointLog] [info] processed bias for 30.0% of the transcripts
[2017-04-11 15:04:58.043] [jointLog] [info] processed bias for 40.0% of the transcripts
[2017-04-11 15:05:02.431] [jointLog] [info] processed bias for 50.0% of the transcripts
[2017-04-11 15:05:06.959] [jointLog] [info] processed bias for 60.0% of the transcripts
[2017-04-11 15:05:11.070] [jointLog] [info] processed bias for 70.0% of the transcripts
[2017-04-11 15:05:15.259] [jointLog] [info] processed bias for 80.0% of the transcripts
[2017-04-11 15:05:19.574] [jointLog] [info] processed bias for 90.0% of the transcripts
[2017-04-11 15:05:22.248] [jointLog] [info] processed bias for 100.0% of the transcripts
[2017-04-11 15:05:22.387] [jointLog] [info] iteration = 100 | max rel diff. = 0.115798
[2017-04-11 15:05:22.537] [jointLog] [info] iteration = 200 | max rel diff. = 0.0541556
[2017-04-11 15:05:22.686] [jointLog] [info] iteration = 300 | max rel diff. = 0.0371451
[2017-04-11 15:05:22.837] [jointLog] [info] iteration = 400 | max rel diff. = 0.0257284
[2017-04-11 15:05:22.989] [jointLog] [info] iteration = 500 | max rel diff. = 0.0198394
[2017-04-11 15:05:23.140] [jointLog] [info] iteration = 600 | max rel diff. = 0.0159391
[2017-04-11 15:05:23.290] [jointLog] [info] iteration = 700 | max rel diff. = 0.0147239
[2017-04-11 15:05:23.438] [jointLog] [info] iteration = 800 | max rel diff. = 0.0132715
[2017-04-11 15:05:23.595] [jointLog] [info] iteration = 900 | max rel diff. = 0.0115429
[2017-04-11 15:05:23.730] [jointLog] [info] iteration = 988 | max rel diff. = 0.00989438
[2017-04-11 15:05:23.731] [jointLog] [info] Finished optimizer
[2017-04-11 15:05:23.731] [jointLog] [info] writing output 

