[2017-04-11 13:52:41.462] [jointLog] [info] parsing read library format
[2017-04-11 13:52:41.462] [jointLog] [info] There is 1 library.
[2017-04-11 13:52:41.559] [jointLog] [info] Loading Quasi index
[2017-04-11 13:52:41.560] [jointLog] [info] Loading 32-bit quasi index
[2017-04-11 13:52:43.274] [jointLog] [info] done
[2017-04-11 13:52:43.274] [jointLog] [info] Index contained 21577 targets
[2017-04-11 13:52:46.956] [jointLog] [info] Automatically detected most likely library type as IU
[2017-04-11 13:59:01.722] [jointLog] [info] Computed 20939 rich equivalence classes for further processing
[2017-04-11 13:59:01.723] [fileLog] [info] 
At end of round 0
==================
Observed 28462444 total fragments (28462444 in most recent round)

[2017-04-11 13:59:01.722] [jointLog] [info] Counted 7525343 total reads in the equivalence classes 
[2017-04-11 13:59:01.727] [jointLog] [info] Mapping rate = 26.4396%

[2017-04-11 13:59:01.727] [jointLog] [info] finished quantifyLibrary()
[2017-04-11 13:59:01.759] [jointLog] [info] Starting optimizer
[2017-04-11 13:59:01.809] [jointLog] [info] Marked 0 weighted equivalence classes as degenerate
[2017-04-11 13:59:01.811] [jointLog] [info] iteration = 0 | max rel diff. = 361.337
[2017-04-11 13:59:01.823] [jointLog] [info] iteration 11, adjusting effective lengths to account for biases
[2017-04-11 13:59:36.380] [jointLog] [info] Computed expected counts (for bias correction)
[2017-04-11 13:59:36.381] [jointLog] [info] processed bias for 0.0% of the transcripts
[2017-04-11 13:59:40.495] [jointLog] [info] processed bias for 10.0% of the transcripts
[2017-04-11 13:59:45.150] [jointLog] [info] processed bias for 20.0% of the transcripts
[2017-04-11 13:59:49.344] [jointLog] [info] processed bias for 30.0% of the transcripts
[2017-04-11 13:59:53.391] [jointLog] [info] processed bias for 40.0% of the transcripts
[2017-04-11 13:59:57.732] [jointLog] [info] processed bias for 50.0% of the transcripts
[2017-04-11 14:00:01.462] [jointLog] [info] processed bias for 60.0% of the transcripts
[2017-04-11 14:00:05.881] [jointLog] [info] processed bias for 70.0% of the transcripts
[2017-04-11 14:00:09.978] [jointLog] [info] processed bias for 80.0% of the transcripts
[2017-04-11 14:00:11.495] [jointLog] [info] processed bias for 100.0% of the transcripts
[2017-04-11 14:00:11.605] [jointLog] [info] iteration = 100 | max rel diff. = 0.120475
[2017-04-11 14:00:11.723] [jointLog] [info] iteration = 200 | max rel diff. = 0.0499909
[2017-04-11 14:00:11.841] [jointLog] [info] iteration = 300 | max rel diff. = 0.0358988
[2017-04-11 14:00:11.959] [jointLog] [info] iteration = 400 | max rel diff. = 0.0315465
[2017-04-11 14:00:12.079] [jointLog] [info] iteration = 500 | max rel diff. = 0.0243349
[2017-04-11 14:00:12.197] [jointLog] [info] iteration = 600 | max rel diff. = 0.0176497
[2017-04-11 14:00:12.316] [jointLog] [info] iteration = 700 | max rel diff. = 0.0134544
[2017-04-11 14:00:12.435] [jointLog] [info] iteration = 800 | max rel diff. = 0.0128181
[2017-04-11 14:00:12.553] [jointLog] [info] iteration = 900 | max rel diff. = 0.0121223
[2017-04-11 14:00:12.661] [jointLog] [info] iteration = 992 | max rel diff. = 0.00917815
[2017-04-11 14:00:12.663] [jointLog] [info] Finished optimizer
[2017-04-11 14:00:12.663] [jointLog] [info] writing output 

