[2017-10-02 11:46:11.144] [jointLog] [info] parsing read library format
[2017-10-02 11:46:11.144] [jointLog] [info] There is 1 library.
[2017-10-02 11:46:11.299] [jointLog] [info] Loading Quasi index
[2017-10-02 11:46:11.300] [jointLog] [info] Loading 32-bit quasi index
[2017-10-02 11:46:13.490] [jointLog] [info] done
[2017-10-02 11:46:13.490] [jointLog] [info] Index contained 22153 targets
[2017-10-02 11:46:16.307] [jointLog] [info] Automatically detected most likely library type as ISR
[2017-10-02 11:53:17.061] [jointLog] [info] Computed 15132 rich equivalence classes for further processing
[2017-10-02 11:53:17.061] [jointLog] [info] Counted 17577410 total reads in the equivalence classes 
[2017-10-02 11:53:17.065] [jointLog] [info] Mapping rate = 32.2269%

[2017-10-02 11:53:17.065] [jointLog] [info] finished quantifyLibrary()
[2017-10-02 11:53:17.076] [jointLog] [info] Starting optimizer
[2017-10-02 11:53:17.062] [fileLog] [info] 
At end of round 0
==================
Observed 54542722 total fragments (54542722 in most recent round)

[2017-10-02 11:53:17.092] [jointLog] [info] Marked 0 weighted equivalence classes as degenerate
[2017-10-02 11:53:17.093] [jointLog] [info] iteration = 0 | max rel diff. = 562.612
[2017-10-02 11:53:17.099] [jointLog] [info] iteration 11, adjusting effective lengths to account for biases
[2017-10-02 11:53:59.925] [jointLog] [info] Computed expected counts (for bias correction)
[2017-10-02 11:53:59.926] [jointLog] [info] processed bias for 0.0% of the transcripts
[2017-10-02 11:54:07.087] [jointLog] [info] processed bias for 10.0% of the transcripts
[2017-10-02 11:54:13.571] [jointLog] [info] processed bias for 20.0% of the transcripts
[2017-10-02 11:54:19.810] [jointLog] [info] processed bias for 30.0% of the transcripts
[2017-10-02 11:54:25.036] [jointLog] [info] processed bias for 40.0% of the transcripts
[2017-10-02 11:54:31.948] [jointLog] [info] processed bias for 50.0% of the transcripts
[2017-10-02 11:54:39.583] [jointLog] [info] processed bias for 60.0% of the transcripts
[2017-10-02 11:54:42.735] [jointLog] [info] processed bias for 100.0% of the transcripts
[2017-10-02 11:54:42.792] [jointLog] [info] iteration = 100 | max rel diff. = 0.355683
[2017-10-02 11:54:42.855] [jointLog] [info] iteration = 200 | max rel diff. = 0.0314024
[2017-10-02 11:54:42.918] [jointLog] [info] iteration = 300 | max rel diff. = 0.0184156
[2017-10-02 11:54:42.981] [jointLog] [info] iteration = 400 | max rel diff. = 0.0184797
[2017-10-02 11:54:43.040] [jointLog] [info] iteration = 496 | max rel diff. = 0.00958643
[2017-10-02 11:54:43.041] [jointLog] [info] Finished optimizer
[2017-10-02 11:54:43.041] [jointLog] [info] writing output 

[2017-10-02 11:54:43.106] [jointLog] [warning] NOTE: Read Lib [( /isdata/cse/bitao/gene_age_mar_2017/raw_data/Lnig/Lnig_3/SRR5194939_1.fastq, /isdata/cse/bitao/gene_age_mar_2017/raw_data/Lnig/Lnig_3/SRR5194939_2.fastq ), ( /isdata/cse/bitao/gene_age_mar_2017/raw_data/Lnig/Lnig_3/SRR5194940_1.fastq, /isdata/cse/bitao/gene_age_mar_2017/raw_data/Lnig/Lnig_3/SRR5194940_2.fastq )] :

Greater than 5% of the fragments disagreed with the provided library type; check the file: quants/Lnig_3/lib_format_counts.json for details

