[2017-07-11 18:25:14.792] [jointLog] [info] parsing read library format
[2017-07-11 18:25:14.792] [jointLog] [info] There is 1 library.
[2017-07-11 18:25:14.895] [jointLog] [info] Loading Quasi index
[2017-07-11 18:25:14.895] [jointLog] [info] Loading 32-bit quasi index
[2017-07-11 18:25:18.362] [jointLog] [info] done
[2017-07-11 18:25:18.362] [jointLog] [info] Index contained 28739 targets
[2017-07-11 18:25:19.275] [jointLog] [warning] Fragment GC bias correction is currently *experimental* in single-end libraries.  Please use this option with caution.
[2017-07-11 18:25:25.728] [jointLog] [info] Automatically detected most likely library type as U
[2017-07-11 18:34:00.152] [fileLog] [info] 
At end of round 0
==================
Observed 175796462 total fragments (175796462 in most recent round)

[2017-07-11 18:34:00.151] [jointLog] [info] Computed 50029 rich equivalence classes for further processing
[2017-07-11 18:34:00.151] [jointLog] [info] Counted 150420340 total reads in the equivalence classes 
[2017-07-11 18:34:00.224] [jointLog] [info] Mapping rate = 85.5651%

[2017-07-11 18:34:00.224] [jointLog] [info] finished quantifyLibrary()
[2017-07-11 18:34:00.227] [jointLog] [info] Starting optimizer
[2017-07-11 18:34:00.254] [jointLog] [info] Marked 0 weighted equivalence classes as degenerate
[2017-07-11 18:34:00.258] [jointLog] [info] iteration = 0 | max rel diff. = 2.15215
[2017-07-11 18:34:00.294] [jointLog] [info] iteration 11, adjusting effective lengths to account for biases
[2017-07-11 18:35:04.472] [jointLog] [info] Computed expected counts (for bias correction)
[2017-07-11 18:35:04.473] [jointLog] [info] processed bias for 0.0% of the transcripts
[2017-07-11 18:35:11.199] [jointLog] [info] processed bias for 10.0% of the transcripts
[2017-07-11 18:35:17.920] [jointLog] [info] processed bias for 20.0% of the transcripts
[2017-07-11 18:35:25.812] [jointLog] [info] processed bias for 30.0% of the transcripts
[2017-07-11 18:35:33.947] [jointLog] [info] processed bias for 40.0% of the transcripts
[2017-07-11 18:35:41.859] [jointLog] [info] processed bias for 50.0% of the transcripts
[2017-07-11 18:35:48.701] [jointLog] [info] processed bias for 60.0% of the transcripts
[2017-07-11 18:35:54.578] [jointLog] [info] processed bias for 70.0% of the transcripts
[2017-07-11 18:36:00.894] [jointLog] [info] processed bias for 80.0% of the transcripts
[2017-07-11 18:36:06.947] [jointLog] [info] processed bias for 90.0% of the transcripts
[2017-07-11 18:36:11.562] [jointLog] [info] processed bias for 100.0% of the transcripts
[2017-07-11 18:36:11.898] [jointLog] [info] iteration = 100 | max rel diff. = 0.132411
[2017-07-11 18:36:12.270] [jointLog] [info] iteration = 200 | max rel diff. = 0.0614027
[2017-07-11 18:36:12.637] [jointLog] [info] iteration = 300 | max rel diff. = 0.0360257
[2017-07-11 18:36:12.997] [jointLog] [info] iteration = 400 | max rel diff. = 0.0310126
[2017-07-11 18:36:13.357] [jointLog] [info] iteration = 500 | max rel diff. = 0.0270728
[2017-07-11 18:36:13.716] [jointLog] [info] iteration = 600 | max rel diff. = 0.0202822
[2017-07-11 18:36:14.075] [jointLog] [info] iteration = 700 | max rel diff. = 0.0184733
[2017-07-11 18:36:14.433] [jointLog] [info] iteration = 800 | max rel diff. = 0.0172884
[2017-07-11 18:36:14.802] [jointLog] [info] iteration = 900 | max rel diff. = 0.0156774
[2017-07-11 18:36:15.171] [jointLog] [info] iteration = 1000 | max rel diff. = 0.0129014
[2017-07-11 18:36:15.540] [jointLog] [info] iteration = 1100 | max rel diff. = 0.0116496
[2017-07-11 18:36:15.911] [jointLog] [info] iteration = 1200 | max rel diff. = 0.0115341
[2017-07-11 18:36:16.281] [jointLog] [info] iteration = 1300 | max rel diff. = 0.0100296
[2017-07-11 18:36:16.393] [jointLog] [info] iteration = 1331 | max rel diff. = 0.00904798
[2017-07-11 18:36:16.394] [jointLog] [info] Finished optimizer
[2017-07-11 18:36:16.394] [jointLog] [info] writing output 

