[2017-04-11 17:11:12.927] [jointLog] [info] parsing read library format
[2017-04-11 17:11:12.927] [jointLog] [info] There is 1 library.
[2017-04-11 17:11:13.058] [jointLog] [info] Loading Quasi index
[2017-04-11 17:11:13.058] [jointLog] [info] Loading 32-bit quasi index
[2017-04-11 17:11:15.062] [jointLog] [info] done
[2017-04-11 17:11:15.062] [jointLog] [info] Index contained 25238 targets
[2017-04-11 17:11:16.313] [jointLog] [info] Automatically detected most likely library type as IU
[2017-04-11 17:14:15.706] [jointLog] [info] Computed 25596 rich equivalence classes for further processing
[2017-04-11 17:14:15.706] [jointLog] [info] Counted 12661778 total reads in the equivalence classes 
[2017-04-11 17:14:15.710] [jointLog] [info] Mapping rate = 45.1019%

[2017-04-11 17:14:15.710] [jointLog] [info] finished quantifyLibrary()
[2017-04-11 17:14:15.707] [fileLog] [info] 
At end of round 0
==================
Observed 28073731 total fragments (28073731 in most recent round)

[2017-04-11 17:14:15.846] [jointLog] [info] Starting optimizer
[2017-04-11 17:14:15.864] [jointLog] [info] Marked 0 weighted equivalence classes as degenerate
[2017-04-11 17:14:15.865] [jointLog] [info] iteration = 0 | max rel diff. = 471.23
[2017-04-11 17:14:15.878] [jointLog] [info] iteration 11, adjusting effective lengths to account for biases
[2017-04-11 17:15:22.686] [jointLog] [info] Computed expected counts (for bias correction)
[2017-04-11 17:15:22.686] [jointLog] [info] processed bias for 0.0% of the transcripts
[2017-04-11 17:15:31.275] [jointLog] [info] processed bias for 10.0% of the transcripts
[2017-04-11 17:15:39.286] [jointLog] [info] processed bias for 20.0% of the transcripts
[2017-04-11 17:15:47.892] [jointLog] [info] processed bias for 30.0% of the transcripts
[2017-04-11 17:15:55.675] [jointLog] [info] processed bias for 40.0% of the transcripts
[2017-04-11 17:16:03.008] [jointLog] [info] processed bias for 50.0% of the transcripts
[2017-04-11 17:16:10.467] [jointLog] [info] processed bias for 60.0% of the transcripts
[2017-04-11 17:16:18.107] [jointLog] [info] processed bias for 70.0% of the transcripts
[2017-04-11 17:16:23.965] [jointLog] [info] processed bias for 80.0% of the transcripts
[2017-04-11 17:16:28.015] [jointLog] [info] processed bias for 100.0% of the transcripts
[2017-04-11 17:16:28.125] [jointLog] [info] iteration = 100 | max rel diff. = 0.11219
[2017-04-11 17:16:28.244] [jointLog] [info] iteration = 200 | max rel diff. = 0.0558206
[2017-04-11 17:16:28.363] [jointLog] [info] iteration = 300 | max rel diff. = 0.0372023
[2017-04-11 17:16:28.481] [jointLog] [info] iteration = 400 | max rel diff. = 0.0274785
[2017-04-11 17:16:28.598] [jointLog] [info] iteration = 500 | max rel diff. = 0.0210012
[2017-04-11 17:16:28.716] [jointLog] [info] iteration = 600 | max rel diff. = 0.0170347
[2017-04-11 17:16:28.833] [jointLog] [info] iteration = 700 | max rel diff. = 0.0159629
[2017-04-11 17:16:28.951] [jointLog] [info] iteration = 800 | max rel diff. = 0.0136871
[2017-04-11 17:16:29.069] [jointLog] [info] iteration = 900 | max rel diff. = 0.0127511
[2017-04-11 17:16:29.186] [jointLog] [info] iteration = 1000 | max rel diff. = 0.0114275
[2017-04-11 17:16:29.248] [jointLog] [info] iteration = 1053 | max rel diff. = 0.00965769
[2017-04-11 17:16:29.249] [jointLog] [info] Finished optimizer
[2017-04-11 17:16:29.249] [jointLog] [info] writing output 

