[2018-09-05 17:32:10.923] [jointLog] [info] Fragment incompatibility prior below threshold.  Incompatible fragments will be ignored.
[2018-09-05 17:32:10.923] [jointLog] [info] parsing read library format
[2018-09-05 17:32:10.923] [jointLog] [info] There is 1 library.
[2018-09-05 17:32:11.051] [jointLog] [info] Loading Quasi index
[2018-09-05 17:32:11.051] [jointLog] [info] Loading 32-bit quasi index
[2018-09-05 17:32:12.975] [jointLog] [info] done
[2018-09-05 17:32:12.975] [jointLog] [info] Index contained 22338 targets
[2018-09-05 17:32:15.768] [jointLog] [info] Automatically detected most likely library type as IU
[2018-09-05 17:51:54.125] [jointLog] [info] Thread saw mini-batch with a maximum of 0.14% zero probability fragments
[2018-09-05 17:51:54.127] [jointLog] [info] Thread saw mini-batch with a maximum of 0.10% zero probability fragments
[2018-09-05 17:51:54.137] [jointLog] [info] Thread saw mini-batch with a maximum of 0.12% zero probability fragments
[2018-09-05 17:51:54.201] [jointLog] [info] Thread saw mini-batch with a maximum of 0.14% zero probability fragments
[2018-09-05 17:51:54.216] [jointLog] [info] Thread saw mini-batch with a maximum of 0.10% zero probability fragments
[2018-09-05 17:51:54.218] [jointLog] [info] Thread saw mini-batch with a maximum of 0.17% zero probability fragments
[2018-09-05 17:51:54.225] [jointLog] [info] Thread saw mini-batch with a maximum of 0.12% zero probability fragments
[2018-09-05 17:51:54.245] [jointLog] [info] Thread saw mini-batch with a maximum of 0.14% zero probability fragments
[2018-09-05 17:51:54.348] [jointLog] [info] Thread saw mini-batch with a maximum of 0.12% zero probability fragments
[2018-09-05 17:51:54.513] [jointLog] [info] Thread saw mini-batch with a maximum of 0.12% zero probability fragments
[2018-09-05 17:51:54.699] [jointLog] [info] Computed 23436 rich equivalence classes for further processing
[2018-09-05 17:51:54.699] [jointLog] [info] Counted 59775329 total reads in the equivalence classes 
[2018-09-05 17:51:54.705] [jointLog] [info] Mapping rate = 71.0166%

[2018-09-05 17:51:54.705] [jointLog] [info] finished quantifyLibrary()
[2018-09-05 17:51:54.725] [jointLog] [info] Starting optimizer
[2018-09-05 17:51:54.781] [jointLog] [info] Marked 0 weighted equivalence classes as degenerate
[2018-09-05 17:51:54.802] [jointLog] [info] iteration = 0 | max rel diff. = 5887
[2018-09-05 17:51:54.700] [fileLog] [info] 
At end of round 0
==================
Observed 84170891 total fragments (84170891 in most recent round)

[2018-09-05 17:51:54.870] [jointLog] [info] iteration 11, adjusting effective lengths to account for biases
[2018-09-05 17:52:07.038] [jointLog] [info] Computed expected counts (for bias correction)
[2018-09-05 17:52:07.039] [jointLog] [info] processed bias for 0.0% of the transcripts
[2018-09-05 17:52:08.443] [jointLog] [info] processed bias for 10.0% of the transcripts
[2018-09-05 17:52:09.796] [jointLog] [info] processed bias for 20.0% of the transcripts
[2018-09-05 17:52:11.072] [jointLog] [info] processed bias for 30.0% of the transcripts
[2018-09-05 17:52:12.390] [jointLog] [info] processed bias for 40.0% of the transcripts
[2018-09-05 17:52:13.653] [jointLog] [info] processed bias for 50.0% of the transcripts
[2018-09-05 17:52:15.106] [jointLog] [info] processed bias for 60.0% of the transcripts
[2018-09-05 17:52:16.643] [jointLog] [info] processed bias for 70.0% of the transcripts
[2018-09-05 17:52:18.309] [jointLog] [info] processed bias for 80.0% of the transcripts
[2018-09-05 17:52:19.604] [jointLog] [info] processed bias for 100.0% of the transcripts
[2018-09-05 17:52:20.250] [jointLog] [info] iteration = 100 | max rel diff. = 6.92982
[2018-09-05 17:52:20.993] [jointLog] [info] iteration = 200 | max rel diff. = 2.2207
[2018-09-05 17:52:21.694] [jointLog] [info] iteration = 300 | max rel diff. = 0.3019
[2018-09-05 17:52:22.386] [jointLog] [info] iteration = 400 | max rel diff. = 0.0287062
[2018-09-05 17:52:23.030] [jointLog] [info] iteration = 500 | max rel diff. = 3.03901
[2018-09-05 17:52:23.610] [jointLog] [info] iteration = 600 | max rel diff. = 0.069359
[2018-09-05 17:52:24.054] [jointLog] [info] iteration = 700 | max rel diff. = 0.489506
[2018-09-05 17:52:24.537] [jointLog] [info] iteration = 800 | max rel diff. = 2.57515
[2018-09-05 17:52:24.789] [jointLog] [info] iteration = 851 | max rel diff. = 0.00828624
[2018-09-05 17:52:24.790] [jointLog] [info] Finished optimizer
[2018-09-05 17:52:24.790] [jointLog] [info] writing output 

