[2018-09-05 17:32:10.936] [jointLog] [info] Fragment incompatibility prior below threshold.  Incompatible fragments will be ignored.
[2018-09-05 17:32:10.936] [jointLog] [info] parsing read library format
[2018-09-05 17:32:10.936] [jointLog] [info] There is 1 library.
[2018-09-05 17:32:11.061] [jointLog] [info] Loading Quasi index
[2018-09-05 17:32:11.062] [jointLog] [info] Loading 32-bit quasi index
[2018-09-05 17:32:13.005] [jointLog] [info] done
[2018-09-05 17:32:13.005] [jointLog] [info] Index contained 22338 targets
[2018-09-05 17:32:17.660] [jointLog] [info] Automatically detected most likely library type as IU
[2018-09-05 17:52:12.712] [jointLog] [info] Thread saw mini-batch with a maximum of 0.30% zero probability fragments
[2018-09-05 17:52:12.742] [jointLog] [info] Thread saw mini-batch with a maximum of 0.15% zero probability fragments
[2018-09-05 17:52:12.765] [jointLog] [info] Thread saw mini-batch with a maximum of 0.18% zero probability fragments
[2018-09-05 17:52:12.770] [jointLog] [info] Thread saw mini-batch with a maximum of 0.16% zero probability fragments
[2018-09-05 17:52:12.832] [jointLog] [info] Thread saw mini-batch with a maximum of 0.30% zero probability fragments
[2018-09-05 17:52:12.842] [jointLog] [info] Thread saw mini-batch with a maximum of 0.30% zero probability fragments
[2018-09-05 17:52:13.162] [jointLog] [info] Thread saw mini-batch with a maximum of 0.30% zero probability fragments
[2018-09-05 17:52:13.229] [jointLog] [info] Thread saw mini-batch with a maximum of 0.30% zero probability fragments
[2018-09-05 17:52:13.236] [jointLog] [info] Thread saw mini-batch with a maximum of 0.18% zero probability fragments
[2018-09-05 17:52:13.333] [jointLog] [info] Thread saw mini-batch with a maximum of 0.30% zero probability fragments
[2018-09-05 17:52:13.652] [fileLog] [info] 
At end of round 0
==================
Observed 65006631 total fragments (65006631 in most recent round)

[2018-09-05 17:52:13.651] [jointLog] [info] Computed 24912 rich equivalence classes for further processing
[2018-09-05 17:52:13.651] [jointLog] [info] Counted 30977417 total reads in the equivalence classes 
[2018-09-05 17:52:13.664] [jointLog] [info] Mapping rate = 47.6527%

[2018-09-05 17:52:13.664] [jointLog] [info] finished quantifyLibrary()
[2018-09-05 17:52:13.681] [jointLog] [info] Starting optimizer
[2018-09-05 17:52:13.715] [jointLog] [info] Marked 0 weighted equivalence classes as degenerate
[2018-09-05 17:52:13.738] [jointLog] [info] iteration = 0 | max rel diff. = 24601
[2018-09-05 17:52:13.834] [jointLog] [info] iteration 11, adjusting effective lengths to account for biases
[2018-09-05 17:52:25.402] [jointLog] [info] Computed expected counts (for bias correction)
[2018-09-05 17:52:25.402] [jointLog] [info] processed bias for 0.0% of the transcripts
[2018-09-05 17:52:26.319] [jointLog] [info] processed bias for 10.0% of the transcripts
[2018-09-05 17:52:27.181] [jointLog] [info] processed bias for 20.0% of the transcripts
[2018-09-05 17:52:28.025] [jointLog] [info] processed bias for 30.0% of the transcripts
[2018-09-05 17:52:28.812] [jointLog] [info] processed bias for 40.0% of the transcripts
[2018-09-05 17:52:29.614] [jointLog] [info] processed bias for 50.0% of the transcripts
[2018-09-05 17:52:30.586] [jointLog] [info] processed bias for 60.0% of the transcripts
[2018-09-05 17:52:31.525] [jointLog] [info] processed bias for 70.0% of the transcripts
[2018-09-05 17:52:32.471] [jointLog] [info] processed bias for 80.0% of the transcripts
[2018-09-05 17:52:33.410] [jointLog] [info] processed bias for 90.0% of the transcripts
[2018-09-05 17:52:33.736] [jointLog] [info] processed bias for 100.0% of the transcripts
[2018-09-05 17:52:33.925] [jointLog] [info] iteration = 100 | max rel diff. = 20.0124
[2018-09-05 17:52:34.129] [jointLog] [info] iteration = 200 | max rel diff. = 4.0389
[2018-09-05 17:52:34.333] [jointLog] [info] iteration = 300 | max rel diff. = 1.4767
[2018-09-05 17:52:34.535] [jointLog] [info] iteration = 400 | max rel diff. = 3.10637
[2018-09-05 17:52:34.740] [jointLog] [info] iteration = 500 | max rel diff. = 0.0379838
[2018-09-05 17:52:34.873] [jointLog] [info] iteration = 566 | max rel diff. = 0.00765714
[2018-09-05 17:52:34.874] [jointLog] [info] Finished optimizer
[2018-09-05 17:52:34.874] [jointLog] [info] writing output 

