[2017-04-11 15:11:44.747] [jointLog] [info] parsing read library format
[2017-04-11 15:11:44.747] [jointLog] [info] There is 1 library.
[2017-04-11 15:11:44.886] [jointLog] [info] Loading Quasi index
[2017-04-11 15:11:44.894] [jointLog] [info] Loading 32-bit quasi index
[2017-04-11 15:11:46.771] [jointLog] [info] done
[2017-04-11 15:11:46.771] [jointLog] [info] Index contained 21154 targets
[2017-04-11 15:11:48.787] [jointLog] [info] Automatically detected most likely library type as IU
[2017-04-11 15:22:42.653] [jointLog] [info] Computed 24473 rich equivalence classes for further processing
[2017-04-11 15:22:42.653] [jointLog] [info] Counted 16898675 total reads in the equivalence classes 
[2017-04-11 15:22:42.658] [jointLog] [info] Mapping rate = 51.5971%

[2017-04-11 15:22:42.658] [jointLog] [info] finished quantifyLibrary()
[2017-04-11 15:22:42.654] [fileLog] [info] 
At end of round 0
==================
Observed 32751230 total fragments (32751230 in most recent round)

[2017-04-11 15:22:43.177] [jointLog] [info] Starting optimizer
[2017-04-11 15:22:43.648] [jointLog] [info] Marked 0 weighted equivalence classes as degenerate
[2017-04-11 15:22:43.650] [jointLog] [info] iteration = 0 | max rel diff. = 268.125
[2017-04-11 15:22:43.667] [jointLog] [info] iteration 11, adjusting effective lengths to account for biases
[2017-04-11 15:23:39.496] [jointLog] [info] Computed expected counts (for bias correction)
[2017-04-11 15:23:39.496] [jointLog] [info] processed bias for 0.0% of the transcripts
[2017-04-11 15:23:45.760] [jointLog] [info] processed bias for 10.0% of the transcripts
[2017-04-11 15:23:51.723] [jointLog] [info] processed bias for 20.0% of the transcripts
[2017-04-11 15:23:57.862] [jointLog] [info] processed bias for 30.0% of the transcripts
[2017-04-11 15:24:04.733] [jointLog] [info] processed bias for 40.0% of the transcripts
[2017-04-11 15:24:10.872] [jointLog] [info] processed bias for 50.0% of the transcripts
[2017-04-11 15:24:17.409] [jointLog] [info] processed bias for 60.0% of the transcripts
[2017-04-11 15:24:23.376] [jointLog] [info] processed bias for 70.0% of the transcripts
[2017-04-11 15:24:29.597] [jointLog] [info] processed bias for 80.0% of the transcripts
[2017-04-11 15:24:35.716] [jointLog] [info] processed bias for 90.0% of the transcripts
[2017-04-11 15:24:36.839] [jointLog] [info] processed bias for 100.0% of the transcripts
[2017-04-11 15:24:36.983] [jointLog] [info] iteration = 100 | max rel diff. = 0.113502
[2017-04-11 15:24:37.136] [jointLog] [info] iteration = 200 | max rel diff. = 0.0525544
[2017-04-11 15:24:37.287] [jointLog] [info] iteration = 300 | max rel diff. = 0.0344007
[2017-04-11 15:24:37.439] [jointLog] [info] iteration = 400 | max rel diff. = 0.0263341
[2017-04-11 15:24:37.590] [jointLog] [info] iteration = 500 | max rel diff. = 0.0204162
[2017-04-11 15:24:37.735] [jointLog] [info] iteration = 600 | max rel diff. = 0.0182142
[2017-04-11 15:24:37.880] [jointLog] [info] iteration = 700 | max rel diff. = 0.0146499
[2017-04-11 15:24:38.024] [jointLog] [info] iteration = 800 | max rel diff. = 0.0137681
[2017-04-11 15:24:38.167] [jointLog] [info] iteration = 900 | max rel diff. = 0.0118024
[2017-04-11 15:24:38.308] [jointLog] [info] iteration = 995 | max rel diff. = 0.00946188
[2017-04-11 15:24:38.310] [jointLog] [info] Finished optimizer
[2017-04-11 15:24:38.310] [jointLog] [info] writing output 

