[2017-10-18 14:33:44.025] [jointLog] [info] parsing read library format
[2017-10-18 14:33:44.025] [jointLog] [info] There is 1 library.
[2017-10-18 14:33:44.126] [jointLog] [info] Loading Quasi index
[2017-10-18 14:33:44.126] [jointLog] [info] Loading 32-bit quasi index
[2017-10-18 14:33:45.694] [jointLog] [info] done
[2017-10-18 14:33:45.694] [jointLog] [info] Index contained 15516 targets
[2017-10-18 14:33:48.081] [jointLog] [info] Automatically detected most likely library type as ISR
[2017-10-18 14:35:04.955] [jointLog] [info] Computed 20226 rich equivalence classes for further processing
[2017-10-18 14:35:04.955] [jointLog] [info] Counted 11221267 total reads in the equivalence classes 
[2017-10-18 14:35:04.979] [jointLog] [info] Mapping rate = 73.5388%

[2017-10-18 14:35:04.979] [jointLog] [info] finished quantifyLibrary()
[2017-10-18 14:35:04.983] [jointLog] [info] Starting optimizer
[2017-10-18 14:35:04.996] [jointLog] [info] Marked 0 weighted equivalence classes as degenerate
[2017-10-18 14:35:04.997] [jointLog] [info] iteration = 0 | max rel diff. = 652.827
[2017-10-18 14:35:05.007] [jointLog] [info] iteration 11, adjusting effective lengths to account for biases
[2017-10-18 14:35:04.956] [fileLog] [info] 
At end of round 0
==================
Observed 15258968 total fragments (15258968 in most recent round)

[2017-10-18 14:36:17.134] [jointLog] [info] Computed expected counts (for bias correction)
[2017-10-18 14:36:17.134] [jointLog] [info] processed bias for 0.0% of the transcripts
[2017-10-18 14:36:24.528] [jointLog] [info] processed bias for 10.0% of the transcripts
[2017-10-18 14:36:32.024] [jointLog] [info] processed bias for 20.0% of the transcripts
[2017-10-18 14:36:39.807] [jointLog] [info] processed bias for 30.0% of the transcripts
[2017-10-18 14:36:47.916] [jointLog] [info] processed bias for 40.0% of the transcripts
[2017-10-18 14:36:54.941] [jointLog] [info] processed bias for 50.0% of the transcripts
[2017-10-18 14:37:02.398] [jointLog] [info] processed bias for 60.0% of the transcripts
[2017-10-18 14:37:09.922] [jointLog] [info] processed bias for 70.0% of the transcripts
[2017-10-18 14:37:18.122] [jointLog] [info] processed bias for 80.0% of the transcripts
[2017-10-18 14:37:25.449] [jointLog] [info] processed bias for 90.0% of the transcripts
[2017-10-18 14:37:31.242] [jointLog] [info] processed bias for 100.0% of the transcripts
[2017-10-18 14:37:31.332] [jointLog] [info] iteration = 100 | max rel diff. = 0.113271
[2017-10-18 14:37:31.429] [jointLog] [info] iteration = 200 | max rel diff. = 0.0589623
[2017-10-18 14:37:31.526] [jointLog] [info] iteration = 300 | max rel diff. = 0.0371543
[2017-10-18 14:37:31.623] [jointLog] [info] iteration = 400 | max rel diff. = 0.0276856
[2017-10-18 14:37:31.719] [jointLog] [info] iteration = 500 | max rel diff. = 0.0225925
[2017-10-18 14:37:31.815] [jointLog] [info] iteration = 600 | max rel diff. = 0.0202315
[2017-10-18 14:37:31.912] [jointLog] [info] iteration = 700 | max rel diff. = 0.0144176
[2017-10-18 14:37:32.008] [jointLog] [info] iteration = 800 | max rel diff. = 0.0123445
[2017-10-18 14:37:32.103] [jointLog] [info] iteration = 900 | max rel diff. = 0.0114832
[2017-10-18 14:37:32.199] [jointLog] [info] iteration = 1000 | max rel diff. = 0.0107267
[2017-10-18 14:37:32.294] [jointLog] [info] iteration = 1100 | max rel diff. = 0.0107267
[2017-10-18 14:37:32.349] [jointLog] [info] iteration = 1159 | max rel diff. = 0.00977058
[2017-10-18 14:37:32.350] [jointLog] [info] Finished optimizer
[2017-10-18 14:37:32.350] [jointLog] [info] writing output 

[2017-10-18 14:37:32.392] [jointLog] [warning] NOTE: Read Lib [( /isdata/cse/bitao/Download/P_can/Pcan65b/SRR1519109_1.fastq, /isdata/cse/bitao/Download/P_can/Pcan65b/SRR1519109_2.fastq )] :

Greater than 5% of the fragments disagreed with the provided library type; check the file: quants/Pcan65b/lib_format_counts.json for details

