[2017-11-07 17:57:50.429] [jointLog] [info] parsing read library format
[2017-11-07 17:57:50.429] [jointLog] [info] There is 1 library.
[2017-11-07 17:57:50.575] [jointLog] [info] Loading Quasi index
[2017-11-07 17:57:50.575] [jointLog] [info] Loading 32-bit quasi index
[2017-11-07 17:57:53.499] [jointLog] [info] done
[2017-11-07 17:57:53.499] [jointLog] [info] Index contained 22153 targets
[2017-11-07 17:57:55.454] [jointLog] [info] Automatically detected most likely library type as ISR
[2017-11-07 18:04:58.759] [jointLog] [info] Computed 14785 rich equivalence classes for further processing
[2017-11-07 18:04:58.759] [jointLog] [info] Counted 23203340 total reads in the equivalence classes 
[2017-11-07 18:04:58.768] [jointLog] [info] Mapping rate = 41.6193%

[2017-11-07 18:04:58.768] [jointLog] [info] finished quantifyLibrary()
[2017-11-07 18:04:58.772] [jointLog] [info] Starting optimizer
[2017-11-07 18:04:58.788] [jointLog] [info] Marked 0 weighted equivalence classes as degenerate
[2017-11-07 18:04:58.789] [jointLog] [info] iteration = 0 | max rel diff. = 410.909
[2017-11-07 18:04:58.796] [jointLog] [info] iteration 11, adjusting effective lengths to account for biases
[2017-11-07 18:04:58.762] [fileLog] [info] 
At end of round 0
==================
Observed 55751421 total fragments (55751421 in most recent round)

[2017-11-07 18:05:38.248] [jointLog] [info] Computed expected counts (for bias correction)
[2017-11-07 18:05:38.248] [jointLog] [info] processed bias for 0.0% of the transcripts
[2017-11-07 18:05:44.749] [jointLog] [info] processed bias for 10.0% of the transcripts
[2017-11-07 18:05:50.966] [jointLog] [info] processed bias for 20.0% of the transcripts
[2017-11-07 18:05:57.048] [jointLog] [info] processed bias for 30.0% of the transcripts
[2017-11-07 18:06:02.538] [jointLog] [info] processed bias for 40.0% of the transcripts
[2017-11-07 18:06:09.729] [jointLog] [info] processed bias for 50.0% of the transcripts
[2017-11-07 18:06:16.411] [jointLog] [info] processed bias for 60.0% of the transcripts
[2017-11-07 18:06:18.017] [jointLog] [info] processed bias for 100.0% of the transcripts
[2017-11-07 18:06:18.083] [jointLog] [info] iteration = 100 | max rel diff. = 0.0527655
[2017-11-07 18:06:18.153] [jointLog] [info] iteration = 200 | max rel diff. = 0.0323274
[2017-11-07 18:06:18.224] [jointLog] [info] iteration = 300 | max rel diff. = 0.0178394
[2017-11-07 18:06:18.297] [jointLog] [info] iteration = 400 | max rel diff. = 0.0179117
[2017-11-07 18:06:18.322] [jointLog] [info] iteration = 437 | max rel diff. = 0.00812803
[2017-11-07 18:06:18.325] [jointLog] [info] Finished optimizer
[2017-11-07 18:06:18.325] [jointLog] [info] writing output 

[2017-11-07 18:06:18.396] [jointLog] [warning] NOTE: Read Lib [( /isdata/cse/bitao/gene_age_mar_2017/raw_data/Lnig_2//w2m_br3/SRR3139050_1.fastq, /isdata/cse/bitao/gene_age_mar_2017/raw_data/Lnig_2//w2m_br3/SRR3139050_2.fastq ), ( /isdata/cse/bitao/gene_age_mar_2017/raw_data/Lnig_2//w2m_br3/SRR3141097_1.fastq, /isdata/cse/bitao/gene_age_mar_2017/raw_data/Lnig_2//w2m_br3/SRR3141097_2.fastq ), ( /isdata/cse/bitao/gene_age_mar_2017/raw_data/Lnig_2//w2m_br3/SRR3141494_1.fastq, /isdata/cse/bitao/gene_age_mar_2017/raw_data/Lnig_2//w2m_br3/SRR3141494_2.fastq )] :

Greater than 5% of the fragments disagreed with the provided library type; check the file: quants/w2m_br3/lib_format_counts.json for details

