[2017-04-11 14:32:28.160] [jointLog] [info] parsing read library format
[2017-04-11 14:32:28.160] [jointLog] [info] There is 1 library.
[2017-04-11 14:32:28.264] [jointLog] [info] Loading Quasi index
[2017-04-11 14:32:28.265] [jointLog] [info] Loading 32-bit quasi index
[2017-04-11 14:32:30.209] [jointLog] [info] done
[2017-04-11 14:32:30.209] [jointLog] [info] Index contained 22761 targets
[2017-04-11 14:32:35.773] [jointLog] [info] Automatically detected most likely library type as IU
[2017-04-11 14:38:37.423] [jointLog] [info] Computed 23512 rich equivalence classes for further processing
[2017-04-11 14:38:37.423] [jointLog] [info] Counted 9632992 total reads in the equivalence classes 
[2017-04-11 14:38:37.428] [jointLog] [info] Mapping rate = 39.1034%

[2017-04-11 14:38:37.428] [jointLog] [info] finished quantifyLibrary()
[2017-04-11 14:38:37.560] [jointLog] [info] Starting optimizer
[2017-04-11 14:38:37.424] [fileLog] [info] 
At end of round 0
==================
Observed 24634663 total fragments (24634663 in most recent round)

[2017-04-11 14:38:37.578] [jointLog] [info] Marked 0 weighted equivalence classes as degenerate
[2017-04-11 14:38:37.579] [jointLog] [info] iteration = 0 | max rel diff. = 423.768
[2017-04-11 14:38:37.593] [jointLog] [info] iteration 11, adjusting effective lengths to account for biases
[2017-04-11 14:39:35.102] [jointLog] [info] Computed expected counts (for bias correction)
[2017-04-11 14:39:35.103] [jointLog] [info] processed bias for 0.0% of the transcripts
[2017-04-11 14:39:41.205] [jointLog] [info] processed bias for 10.0% of the transcripts
[2017-04-11 14:39:47.659] [jointLog] [info] processed bias for 20.0% of the transcripts
[2017-04-11 14:39:54.010] [jointLog] [info] processed bias for 30.0% of the transcripts
[2017-04-11 14:40:00.510] [jointLog] [info] processed bias for 40.0% of the transcripts
[2017-04-11 14:40:07.118] [jointLog] [info] processed bias for 50.0% of the transcripts
[2017-04-11 14:40:13.610] [jointLog] [info] processed bias for 60.0% of the transcripts
[2017-04-11 14:40:19.974] [jointLog] [info] processed bias for 70.0% of the transcripts
[2017-04-11 14:40:26.398] [jointLog] [info] processed bias for 80.0% of the transcripts
[2017-04-11 14:40:33.106] [jointLog] [info] processed bias for 90.0% of the transcripts
[2017-04-11 14:40:33.812] [jointLog] [info] processed bias for 100.0% of the transcripts
[2017-04-11 14:40:33.928] [jointLog] [info] iteration = 100 | max rel diff. = 0.113131
[2017-04-11 14:40:34.052] [jointLog] [info] iteration = 200 | max rel diff. = 0.0819344
[2017-04-11 14:40:34.176] [jointLog] [info] iteration = 300 | max rel diff. = 0.0328225
[2017-04-11 14:40:34.299] [jointLog] [info] iteration = 400 | max rel diff. = 0.0230652
[2017-04-11 14:40:34.422] [jointLog] [info] iteration = 500 | max rel diff. = 0.0209342
[2017-04-11 14:40:34.543] [jointLog] [info] iteration = 600 | max rel diff. = 0.0161246
[2017-04-11 14:40:34.665] [jointLog] [info] iteration = 700 | max rel diff. = 0.0137643
[2017-04-11 14:40:34.787] [jointLog] [info] iteration = 800 | max rel diff. = 0.0117497
[2017-04-11 14:40:34.910] [jointLog] [info] iteration = 900 | max rel diff. = 0.0106555
[2017-04-11 14:40:34.968] [jointLog] [info] iteration = 948 | max rel diff. = 0.0096803
[2017-04-11 14:40:34.971] [jointLog] [info] Finished optimizer
[2017-04-11 14:40:34.971] [jointLog] [info] writing output 

[2017-04-11 14:40:35.097] [jointLog] [warning] NOTE: Read Lib [( /seqdata/krogh/cse/bitao/gene_age_mar_2017/raw_data/sorted/Lhum/Lhum_5/170325_I133_FCHGL5TBBXX_L5_RDWHANTosqDAAQRAAPEI-27/170325_I133_FCHGL5TBBXX_L5_RDWHANTosqDAAQRAAPEI-27_1.fq.gz, /seqdata/krogh/cse/bitao/gene_age_mar_2017/raw_data/sorted/Lhum/Lhum_5/170325_I133_FCHGL5TBBXX_L5_RDWHANTosqDAAQRAAPEI-27/170325_I133_FCHGL5TBBXX_L5_RDWHANTosqDAAQRAAPEI-27_2.fq.gz ), ( /seqdata/krogh/cse/bitao/gene_age_mar_2017/raw_data/sorted/Lhum/Lhum_5/170325_I133_FCHGL5TBBXX_L6_RDWHANTosqDAAQRAAPEI-27/170325_I133_FCHGL5TBBXX_L6_RDWHANTosqDAAQRAAPEI-27_1.fq.gz, /seqdata/krogh/cse/bitao/gene_age_mar_2017/raw_data/sorted/Lhum/Lhum_5/170325_I133_FCHGL5TBBXX_L6_RDWHANTosqDAAQRAAPEI-27/170325_I133_FCHGL5TBBXX_L6_RDWHANTosqDAAQRAAPEI-27_2.fq.gz )] :

Detected a *potential* strand bias > 1% in an unstranded protocol check the file: quants/Lhum_5/lib_format_counts.json for details

